<?xml version="1.0" encoding="UTF-8"?>
<!-- Generated by org.testng.reporters.JUnitXMLReporter -->
<testsuite hostname="Shrutis-MBP" name="Default test" tests="3" failures="0" timestamp="5 Feb 2016 19:54:25 GMT" time="14.332" errors="0">
  <testcase name="testDropDown" time="2.983" classname="com.test.DoctorsPageTest"/>
  <testcase name="acceptingResults" time="3.434" classname="com.test.DoctorsPageTest"/>
  <testcase name="testChildWindowTitke" time="5.919" classname="com.test.DoctorsPageTest"/>
</testsuite> <!-- Default test -->
