<?xml version="1.0" encoding="UTF-8"?>
<testng-results skipped="1" failed="0" total="1" passed="0">
  <reporter-output>
  </reporter-output>
  <suite name="Default suite" duration-ms="25" started-at="2016-03-03T21:37:36Z" finished-at="2016-03-03T21:37:36Z">
    <groups>
    </groups>
    <test name="Default test" duration-ms="25" started-at="2016-03-03T21:37:36Z" finished-at="2016-03-03T21:37:36Z">
      <class name="com.test.HomePageTest">
        <test-method status="PASS" signature="beforeSuite()[pri:0, instance:com.test.HomePageTest@566776ad]" name="beforeSuite" is-config="true" duration-ms="45824" started-at="2016-03-03T13:36:50Z" finished-at="2016-03-03T13:37:36Z">
          <reporter-output>
          </reporter-output>
        </test-method> <!-- beforeSuite -->
        <test-method status="FAIL" signature="start()[pri:0, instance:com.test.HomePageTest@566776ad]" name="start" is-config="true" duration-ms="0" started-at="2016-03-03T13:37:36Z" finished-at="2016-03-03T13:37:36Z">
          <exception class="java.lang.NullPointerException">
            <full-stacktrace>
              <![CDATA[java.lang.NullPointerException
	at com.base.BasePage.getLogInPage(BasePage.java:28)
	at com.base.BasePage.<init>(BasePage.java:23)
	at com.pages.PortalPage.<init>(PortalPage.java:17)
	at com.pages.HomePage.<init>(HomePage.java:16)
	at com.test.HomePageTest.start(HomePageTest.java:27)
	at sun.reflect.NativeMethodAccessorImpl.invoke0(Native Method)
	at sun.reflect.NativeMethodAccessorImpl.invoke(NativeMethodAccessorImpl.java:62)
	at sun.reflect.DelegatingMethodAccessorImpl.invoke(DelegatingMethodAccessorImpl.java:43)
	at java.lang.reflect.Method.invoke(Method.java:497)
	at org.testng.internal.MethodInvocationHelper.invokeMethod(MethodInvocationHelper.java:84)
	at org.testng.internal.Invoker.invokeConfigurationMethod(Invoker.java:564)
	at org.testng.internal.Invoker.invokeConfigurations(Invoker.java:213)
	at org.testng.internal.Invoker.invokeConfigurations(Invoker.java:138)
	at org.testng.internal.TestMethodWorker.invokeBeforeClassMethods(TestMethodWorker.java:175)
	at org.testng.internal.TestMethodWorker.run(TestMethodWorker.java:107)
	at org.testng.TestRunner.privateRun(TestRunner.java:767)
	at org.testng.TestRunner.run(TestRunner.java:617)
	at org.testng.SuiteRunner.runTest(SuiteRunner.java:334)
	at org.testng.SuiteRunner.runSequentially(SuiteRunner.java:329)
	at org.testng.SuiteRunner.privateRun(SuiteRunner.java:291)
	at org.testng.SuiteRunner.run(SuiteRunner.java:240)
	at org.testng.SuiteRunnerWorker.runSuite(SuiteRunnerWorker.java:52)
	at org.testng.SuiteRunnerWorker.run(SuiteRunnerWorker.java:86)
	at org.testng.TestNG.runSuitesSequentially(TestNG.java:1224)
	at org.testng.TestNG.runSuitesLocally(TestNG.java:1149)
	at org.testng.TestNG.run(TestNG.java:1057)
	at org.testng.remote.RemoteTestNG.run(RemoteTestNG.java:115)
	at org.testng.remote.RemoteTestNG.initAndRun(RemoteTestNG.java:207)
	at org.testng.remote.RemoteTestNG.main(RemoteTestNG.java:178)
]]>
            </full-stacktrace>
          </exception> <!-- java.lang.NullPointerException -->
          <reporter-output>
          </reporter-output>
        </test-method> <!-- start -->
        <test-method status="SKIP" signature="checkOpenEnrollmentLinks()[pri:0, instance:com.test.HomePageTest@566776ad]" name="checkOpenEnrollmentLinks" duration-ms="2" started-at="2016-03-03T13:37:36Z" finished-at="2016-03-03T13:37:36Z">
          <reporter-output>
          </reporter-output>
        </test-method> <!-- checkOpenEnrollmentLinks -->
        <test-method status="SKIP" signature="afterSuite()[pri:0, instance:com.test.HomePageTest@566776ad]" name="afterSuite" is-config="true" duration-ms="0" started-at="2016-03-03T13:37:36Z" finished-at="2016-03-03T13:37:36Z">
          <reporter-output>
          </reporter-output>
        </test-method> <!-- afterSuite -->
      </class> <!-- com.test.HomePageTest -->
    </test> <!-- Default test -->
  </suite> <!-- Default suite -->
</testng-results>
